DEB [20200911-09:04:09.683] thr=1   paramiko.transport: starting thread (client mode): 0x1565d310
DEB [20200911-09:04:09.685] thr=1   paramiko.transport: Local version/idstring: SSH-2.0-paramiko_2.7.1
DEB [20200911-09:04:09.857] thr=1   paramiko.transport: Remote version/idstring: SSH-2.0-OpenSSH_7.9
INF [20200911-09:04:09.859] thr=1   paramiko.transport: Connected (version 2.0, client OpenSSH_7.9)
DEB [20200911-09:04:10.007] thr=1   paramiko.transport: kex algos:['curve25519-sha256@libssh.org', 'ecdh-sha2-nistp256', 'ecdh-sha2-nistp384', 'ecdh-sha2-nistp521', 'diffie-hellman-group-exchange-sha256', 'diffie-hellman-group14-sha256', 'diffie-hellman-group16-sha512', 'diffie-hellman-group18-sha512', 'diffie-hellman-group-exchange-sha1', 'diffie-hellman-group14-sha1'] server key:['rsa-sha2-512', 'rsa-sha2-256', 'ssh-rsa', 'ecdsa-sha2-nistp256', 'ssh-ed25519'] client encrypt:['aes256-gcm@openssh.com', 'chacha20-poly1305@openssh.com', 'aes256-ctr', 'aes256-cbc', 'aes128-gcm@openssh.com', 'aes128-ctr', 'aes128-cbc'] server encrypt:['aes256-gcm@openssh.com', 'chacha20-poly1305@openssh.com', 'aes256-ctr', 'aes256-cbc', 'aes128-gcm@openssh.com', 'aes128-ctr', 'aes128-cbc'] client mac:['hmac-sha2-256-etm@openssh.com', 'hmac-sha1-etm@openssh.com', 'umac-128-etm@openssh.com', 'hmac-sha2-512-etm@openssh.com', 'hmac-sha2-256', 'hmac-sha1', 'umac-128@openssh.com', 'hmac-sha2-512'] server mac:['hmac-sha2-256-etm@openssh.com', 'hmac-sha1-etm@openssh.com', 'umac-128-etm@openssh.com', 'hmac-sha2-512-etm@openssh.com', 'hmac-sha2-256', 'hmac-sha1', 'umac-128@openssh.com', 'hmac-sha2-512'] client compress:['none', 'zlib@openssh.com'] server compress:['none', 'zlib@openssh.com'] client lang:[''] server lang:[''] kex follows?False
DEB [20200911-09:04:10.008] thr=1   paramiko.transport: Kex agreed: curve25519-sha256@libssh.org
DEB [20200911-09:04:10.009] thr=1   paramiko.transport: HostKey agreed: ecdsa-sha2-nistp256
DEB [20200911-09:04:10.011] thr=1   paramiko.transport: Cipher agreed: aes128-ctr
DEB [20200911-09:04:10.012] thr=1   paramiko.transport: MAC agreed: hmac-sha2-256
DEB [20200911-09:04:10.013] thr=1   paramiko.transport: Compression agreed: none
DEB [20200911-09:04:10.257] thr=1   paramiko.transport: kex engine KexCurve25519 specified hash_algo <built-in function openssl_sha256>
DEB [20200911-09:04:10.261] thr=1   paramiko.transport: Switch to new keys ...
DEB [20200911-09:04:10.269] thr=2   paramiko.transport: Trying discovered key b'0cfcd051f352965e2dbdf85b9dc28276' in /Users/elsaducrot/.ssh/id_rsa
DEB [20200911-09:04:10.621] thr=1   paramiko.transport: userauth is OK
INF [20200911-09:04:10.889] thr=1   paramiko.transport: Authentication (publickey) failed.
DEB [20200911-09:04:11.185] thr=1   paramiko.transport: userauth is OK
INF [20200911-09:04:11.541] thr=1   paramiko.transport: Authentication (password) successful!
DEB [20200911-09:04:11.542] thr=2   paramiko.transport: [chan 0] Max packet in: 32768 bytes
DEB [20200911-09:04:11.712] thr=1   paramiko.transport: Received global request "hostkeys-00@openssh.com"
DEB [20200911-09:04:11.714] thr=1   paramiko.transport: Rejecting "hostkeys-00@openssh.com" global request from server.
DEB [20200911-09:04:11.909] thr=1   paramiko.transport: [chan 0] Max packet out: 32768 bytes
DEB [20200911-09:04:11.910] thr=1   paramiko.transport: Secsh channel 0 opened.
DEB [20200911-09:04:12.125] thr=1   paramiko.transport: [chan 0] Sesch channel 0 request ok
INF [20200911-09:04:12.405] thr=2   paramiko.transport.sftp: [chan 0] Opened sftp connection (server version 3)
DEB [20200911-09:04:12.407] thr=2   paramiko.transport.sftp: [chan 0] stat(b'/home/speculoos/SNO/ObservationHours/ObservationHours.txt')
DEB [20200911-09:04:12.580] thr=2   paramiko.transport.sftp: [chan 0] open(b'/home/speculoos/SNO/ObservationHours/ObservationHours.txt', 'rb')
DEB [20200911-09:04:12.740] thr=2   paramiko.transport.sftp: [chan 0] open(b'/home/speculoos/SNO/ObservationHours/ObservationHours.txt', 'rb') -> 00000000
DEB [20200911-09:04:13.390] thr=2   paramiko.transport.sftp: [chan 0] close(00000000)
INF [20200911-09:04:13.549] thr=2   paramiko.transport.sftp: [chan 0] sftp session closed.
DEB [20200911-09:04:13.552] thr=2   paramiko.transport: [chan 0] EOF sent (0)
DEB [20200911-09:04:13.652] thr=1   paramiko.transport: EOF in transport thread
DEB [20200911-09:04:58.068] thr=3   paramiko.transport: starting thread (client mode): 0x27e2e110
DEB [20200911-09:04:58.070] thr=3   paramiko.transport: Local version/idstring: SSH-2.0-paramiko_2.7.1
DEB [20200911-09:04:58.327] thr=3   paramiko.transport: Remote version/idstring: SSH-2.0-OpenSSH_7.9
INF [20200911-09:04:58.329] thr=3   paramiko.transport: Connected (version 2.0, client OpenSSH_7.9)
DEB [20200911-09:04:58.737] thr=3   paramiko.transport: kex algos:['curve25519-sha256@libssh.org', 'ecdh-sha2-nistp256', 'ecdh-sha2-nistp384', 'ecdh-sha2-nistp521', 'diffie-hellman-group-exchange-sha256', 'diffie-hellman-group14-sha256', 'diffie-hellman-group16-sha512', 'diffie-hellman-group18-sha512', 'diffie-hellman-group-exchange-sha1', 'diffie-hellman-group14-sha1'] server key:['rsa-sha2-512', 'rsa-sha2-256', 'ssh-rsa', 'ecdsa-sha2-nistp256', 'ssh-ed25519'] client encrypt:['aes256-gcm@openssh.com', 'chacha20-poly1305@openssh.com', 'aes256-ctr', 'aes256-cbc', 'aes128-gcm@openssh.com', 'aes128-ctr', 'aes128-cbc'] server encrypt:['aes256-gcm@openssh.com', 'chacha20-poly1305@openssh.com', 'aes256-ctr', 'aes256-cbc', 'aes128-gcm@openssh.com', 'aes128-ctr', 'aes128-cbc'] client mac:['hmac-sha2-256-etm@openssh.com', 'hmac-sha1-etm@openssh.com', 'umac-128-etm@openssh.com', 'hmac-sha2-512-etm@openssh.com', 'hmac-sha2-256', 'hmac-sha1', 'umac-128@openssh.com', 'hmac-sha2-512'] server mac:['hmac-sha2-256-etm@openssh.com', 'hmac-sha1-etm@openssh.com', 'umac-128-etm@openssh.com', 'hmac-sha2-512-etm@openssh.com', 'hmac-sha2-256', 'hmac-sha1', 'umac-128@openssh.com', 'hmac-sha2-512'] client compress:['none', 'zlib@openssh.com'] server compress:['none', 'zlib@openssh.com'] client lang:[''] server lang:[''] kex follows?False
DEB [20200911-09:04:58.739] thr=3   paramiko.transport: Kex agreed: curve25519-sha256@libssh.org
DEB [20200911-09:04:58.741] thr=3   paramiko.transport: HostKey agreed: ecdsa-sha2-nistp256
DEB [20200911-09:04:58.743] thr=3   paramiko.transport: Cipher agreed: aes128-ctr
DEB [20200911-09:04:58.747] thr=3   paramiko.transport: MAC agreed: hmac-sha2-256
DEB [20200911-09:04:58.749] thr=3   paramiko.transport: Compression agreed: none
DEB [20200911-09:04:58.959] thr=3   paramiko.transport: kex engine KexCurve25519 specified hash_algo <built-in function openssl_sha256>
DEB [20200911-09:04:58.961] thr=3   paramiko.transport: Switch to new keys ...
DEB [20200911-09:04:58.968] thr=2   paramiko.transport: Trying discovered key b'0cfcd051f352965e2dbdf85b9dc28276' in /Users/elsaducrot/.ssh/id_rsa
DEB [20200911-09:04:59.286] thr=3   paramiko.transport: userauth is OK
INF [20200911-09:04:59.570] thr=3   paramiko.transport: Authentication (publickey) failed.
DEB [20200911-09:04:59.717] thr=3   paramiko.transport: userauth is OK
INF [20200911-09:04:59.946] thr=3   paramiko.transport: Authentication (password) successful!
DEB [20200911-09:04:59.948] thr=2   paramiko.transport: [chan 0] Max packet in: 32768 bytes
DEB [20200911-09:05:00.086] thr=3   paramiko.transport: Received global request "hostkeys-00@openssh.com"
DEB [20200911-09:05:00.087] thr=3   paramiko.transport: Rejecting "hostkeys-00@openssh.com" global request from server.
DEB [20200911-09:05:00.239] thr=3   paramiko.transport: [chan 0] Max packet out: 32768 bytes
DEB [20200911-09:05:00.242] thr=3   paramiko.transport: Secsh channel 0 opened.
DEB [20200911-09:05:00.580] thr=3   paramiko.transport: [chan 0] Sesch channel 0 request ok
INF [20200911-09:05:00.770] thr=2   paramiko.transport.sftp: [chan 0] Opened sftp connection (server version 3)
DEB [20200911-09:05:00.770] thr=2   paramiko.transport.sftp: [chan 0] stat(b'/home/speculoos/SNO/ObservationHours/ObservationHours.txt')
DEB [20200911-09:05:00.992] thr=2   paramiko.transport.sftp: [chan 0] open(b'/home/speculoos/SNO/ObservationHours/ObservationHours.txt', 'rb')
DEB [20200911-09:05:01.145] thr=2   paramiko.transport.sftp: [chan 0] open(b'/home/speculoos/SNO/ObservationHours/ObservationHours.txt', 'rb') -> 00000000
DEB [20200911-09:05:02.014] thr=2   paramiko.transport.sftp: [chan 0] close(00000000)
INF [20200911-09:05:02.169] thr=2   paramiko.transport.sftp: [chan 0] sftp session closed.
DEB [20200911-09:05:02.171] thr=2   paramiko.transport: [chan 0] EOF sent (0)
DEB [20200911-09:05:02.269] thr=3   paramiko.transport: EOF in transport thread
DEB [20200911-09:18:43.083] thr=1   paramiko.transport: starting thread (client mode): 0x21b32790
DEB [20200911-09:18:43.083] thr=1   paramiko.transport: Local version/idstring: SSH-2.0-paramiko_2.7.1
DEB [20200911-09:18:43.250] thr=1   paramiko.transport: Remote version/idstring: SSH-2.0-OpenSSH_7.9
INF [20200911-09:18:43.250] thr=1   paramiko.transport: Connected (version 2.0, client OpenSSH_7.9)
DEB [20200911-09:18:45.243] thr=1   paramiko.transport: kex algos:['curve25519-sha256@libssh.org', 'ecdh-sha2-nistp256', 'ecdh-sha2-nistp384', 'ecdh-sha2-nistp521', 'diffie-hellman-group-exchange-sha256', 'diffie-hellman-group14-sha256', 'diffie-hellman-group16-sha512', 'diffie-hellman-group18-sha512', 'diffie-hellman-group-exchange-sha1', 'diffie-hellman-group14-sha1'] server key:['rsa-sha2-512', 'rsa-sha2-256', 'ssh-rsa', 'ecdsa-sha2-nistp256', 'ssh-ed25519'] client encrypt:['aes256-gcm@openssh.com', 'chacha20-poly1305@openssh.com', 'aes256-ctr', 'aes256-cbc', 'aes128-gcm@openssh.com', 'aes128-ctr', 'aes128-cbc'] server encrypt:['aes256-gcm@openssh.com', 'chacha20-poly1305@openssh.com', 'aes256-ctr', 'aes256-cbc', 'aes128-gcm@openssh.com', 'aes128-ctr', 'aes128-cbc'] client mac:['hmac-sha2-256-etm@openssh.com', 'hmac-sha1-etm@openssh.com', 'umac-128-etm@openssh.com', 'hmac-sha2-512-etm@openssh.com', 'hmac-sha2-256', 'hmac-sha1', 'umac-128@openssh.com', 'hmac-sha2-512'] server mac:['hmac-sha2-256-etm@openssh.com', 'hmac-sha1-etm@openssh.com', 'umac-128-etm@openssh.com', 'hmac-sha2-512-etm@openssh.com', 'hmac-sha2-256', 'hmac-sha1', 'umac-128@openssh.com', 'hmac-sha2-512'] client compress:['none', 'zlib@openssh.com'] server compress:['none', 'zlib@openssh.com'] client lang:[''] server lang:[''] kex follows?False
DEB [20200911-09:18:45.244] thr=1   paramiko.transport: Kex agreed: curve25519-sha256@libssh.org
DEB [20200911-09:18:45.244] thr=1   paramiko.transport: HostKey agreed: ecdsa-sha2-nistp256
DEB [20200911-09:18:45.244] thr=1   paramiko.transport: Cipher agreed: aes128-ctr
DEB [20200911-09:18:45.244] thr=1   paramiko.transport: MAC agreed: hmac-sha2-256
DEB [20200911-09:18:45.244] thr=1   paramiko.transport: Compression agreed: none
DEB [20200911-09:18:45.455] thr=1   paramiko.transport: kex engine KexCurve25519 specified hash_algo <built-in function openssl_sha256>
DEB [20200911-09:18:45.455] thr=1   paramiko.transport: Switch to new keys ...
DEB [20200911-09:18:45.457] thr=2   paramiko.transport: Trying discovered key b'0cfcd051f352965e2dbdf85b9dc28276' in /Users/elsaducrot/.ssh/id_rsa
DEB [20200911-09:18:45.806] thr=1   paramiko.transport: userauth is OK
INF [20200911-09:18:45.978] thr=1   paramiko.transport: Authentication (publickey) failed.
DEB [20200911-09:18:46.179] thr=1   paramiko.transport: userauth is OK
INF [20200911-09:18:46.399] thr=1   paramiko.transport: Authentication (password) successful!
DEB [20200911-09:18:46.399] thr=2   paramiko.transport: [chan 0] Max packet in: 32768 bytes
DEB [20200911-09:18:46.566] thr=1   paramiko.transport: Received global request "hostkeys-00@openssh.com"
DEB [20200911-09:18:46.566] thr=1   paramiko.transport: Rejecting "hostkeys-00@openssh.com" global request from server.
DEB [20200911-09:18:46.704] thr=1   paramiko.transport: [chan 0] Max packet out: 32768 bytes
DEB [20200911-09:18:46.704] thr=1   paramiko.transport: Secsh channel 0 opened.
DEB [20200911-09:18:46.938] thr=1   paramiko.transport: [chan 0] Sesch channel 0 request ok
INF [20200911-09:18:47.154] thr=2   paramiko.transport.sftp: [chan 0] Opened sftp connection (server version 3)
DEB [20200911-09:18:47.155] thr=2   paramiko.transport.sftp: [chan 0] stat(b'/home/speculoos/SNO/ObservationHours/ObservationHours.txt')
DEB [20200911-09:18:47.493] thr=2   paramiko.transport.sftp: [chan 0] open(b'/home/speculoos/SNO/ObservationHours/ObservationHours.txt', 'rb')
DEB [20200911-09:18:47.666] thr=2   paramiko.transport.sftp: [chan 0] open(b'/home/speculoos/SNO/ObservationHours/ObservationHours.txt', 'rb') -> 00000000
DEB [20200911-09:18:48.239] thr=2   paramiko.transport.sftp: [chan 0] close(00000000)
INF [20200911-09:18:48.401] thr=2   paramiko.transport.sftp: [chan 0] sftp session closed.
DEB [20200911-09:18:48.402] thr=2   paramiko.transport: [chan 0] EOF sent (0)
DEB [20200911-09:18:48.503] thr=1   paramiko.transport: EOF in transport thread
DEB [20200918-17:10:32.441] thr=1   paramiko.transport: starting thread (client mode): 0x29851c50
DEB [20200918-17:10:32.444] thr=1   paramiko.transport: Local version/idstring: SSH-2.0-paramiko_2.7.1
DEB [20200918-17:10:32.628] thr=1   paramiko.transport: Remote version/idstring: SSH-2.0-OpenSSH_7.9
INF [20200918-17:10:32.628] thr=1   paramiko.transport: Connected (version 2.0, client OpenSSH_7.9)
DEB [20200918-17:10:32.834] thr=1   paramiko.transport: kex algos:['curve25519-sha256@libssh.org', 'ecdh-sha2-nistp256', 'ecdh-sha2-nistp384', 'ecdh-sha2-nistp521', 'diffie-hellman-group-exchange-sha256', 'diffie-hellman-group14-sha256', 'diffie-hellman-group16-sha512', 'diffie-hellman-group18-sha512', 'diffie-hellman-group-exchange-sha1', 'diffie-hellman-group14-sha1'] server key:['rsa-sha2-512', 'rsa-sha2-256', 'ssh-rsa', 'ecdsa-sha2-nistp256', 'ssh-ed25519'] client encrypt:['aes256-gcm@openssh.com', 'chacha20-poly1305@openssh.com', 'aes256-ctr', 'aes256-cbc', 'aes128-gcm@openssh.com', 'aes128-ctr', 'aes128-cbc'] server encrypt:['aes256-gcm@openssh.com', 'chacha20-poly1305@openssh.com', 'aes256-ctr', 'aes256-cbc', 'aes128-gcm@openssh.com', 'aes128-ctr', 'aes128-cbc'] client mac:['hmac-sha2-256-etm@openssh.com', 'hmac-sha1-etm@openssh.com', 'umac-128-etm@openssh.com', 'hmac-sha2-512-etm@openssh.com', 'hmac-sha2-256', 'hmac-sha1', 'umac-128@openssh.com', 'hmac-sha2-512'] server mac:['hmac-sha2-256-etm@openssh.com', 'hmac-sha1-etm@openssh.com', 'umac-128-etm@openssh.com', 'hmac-sha2-512-etm@openssh.com', 'hmac-sha2-256', 'hmac-sha1', 'umac-128@openssh.com', 'hmac-sha2-512'] client compress:['none', 'zlib@openssh.com'] server compress:['none', 'zlib@openssh.com'] client lang:[''] server lang:[''] kex follows?False
DEB [20200918-17:10:32.837] thr=1   paramiko.transport: Kex agreed: curve25519-sha256@libssh.org
DEB [20200918-17:10:32.837] thr=1   paramiko.transport: HostKey agreed: ecdsa-sha2-nistp256
DEB [20200918-17:10:32.837] thr=1   paramiko.transport: Cipher agreed: aes128-ctr
DEB [20200918-17:10:32.837] thr=1   paramiko.transport: MAC agreed: hmac-sha2-256
DEB [20200918-17:10:32.837] thr=1   paramiko.transport: Compression agreed: none
DEB [20200918-17:10:33.014] thr=1   paramiko.transport: kex engine KexCurve25519 specified hash_algo <built-in function openssl_sha256>
DEB [20200918-17:10:33.022] thr=1   paramiko.transport: Switch to new keys ...
DEB [20200918-17:10:33.302] thr=2   paramiko.transport: Trying discovered key b'0cfcd051f352965e2dbdf85b9dc28276' in /Users/elsaducrot/.ssh/id_rsa
DEB [20200918-17:10:33.440] thr=1   paramiko.transport: userauth is OK
INF [20200918-17:10:33.649] thr=1   paramiko.transport: Authentication (publickey) failed.
DEB [20200918-17:10:33.772] thr=1   paramiko.transport: userauth is OK
INF [20200918-17:10:33.956] thr=1   paramiko.transport: Authentication (password) successful!
DEB [20200918-17:10:33.961] thr=2   paramiko.transport: [chan 0] Max packet in: 32768 bytes
DEB [20200918-17:10:34.088] thr=1   paramiko.transport: Received global request "hostkeys-00@openssh.com"
DEB [20200918-17:10:34.088] thr=1   paramiko.transport: Rejecting "hostkeys-00@openssh.com" global request from server.
DEB [20200918-17:10:34.206] thr=1   paramiko.transport: [chan 0] Max packet out: 32768 bytes
DEB [20200918-17:10:34.207] thr=1   paramiko.transport: Secsh channel 0 opened.
DEB [20200918-17:10:34.344] thr=1   paramiko.transport: [chan 0] Sesch channel 0 request ok
INF [20200918-17:10:34.650] thr=2   paramiko.transport.sftp: [chan 0] Opened sftp connection (server version 3)
DEB [20200918-17:10:34.653] thr=2   paramiko.transport.sftp: [chan 0] stat(b'/home/speculoos/SNO/ObservationHours/ObservationHours.txt')
DEB [20200918-17:10:34.798] thr=2   paramiko.transport.sftp: [chan 0] open(b'/home/speculoos/SNO/ObservationHours/ObservationHours.txt', 'rb')
DEB [20200918-17:10:34.913] thr=2   paramiko.transport.sftp: [chan 0] open(b'/home/speculoos/SNO/ObservationHours/ObservationHours.txt', 'rb') -> 00000000
DEB [20200918-17:10:35.293] thr=2   paramiko.transport.sftp: [chan 0] close(00000000)
INF [20200918-17:10:35.593] thr=2   paramiko.transport.sftp: [chan 0] sftp session closed.
DEB [20200918-17:10:35.594] thr=2   paramiko.transport: [chan 0] EOF sent (0)
DEB [20200918-17:10:35.698] thr=1   paramiko.transport: EOF in transport thread
